Arguments: 
  /usr/local/Cellar/node@14/14.18.2/bin/node /usr/local/Cellar/yarn/1.22.17/libexec/bin/yarn.js add -D nodemon

PATH: 
  /usr/local/bin:/usr/bin:/bin:/usr/sbin:/sbin:/usr/local/share/dotnet:~/.dotnet/tools:/Library/Apple/usr/bin:/Users/badluck/ProjectFolder/simple-ws-chat/node_modules/.bin

Yarn version: 
  1.22.17

Node version: 
  14.18.2

Platform: 
  darwin x64

Trace: 
  SyntaxError: /Users/badluck/ProjectFolder/simple-ws-chat/package.json: Unexpected token } in JSON at position 213
      at JSON.parse (<anonymous>)
      at /usr/local/Cellar/yarn/1.22.17/libexec/lib/cli.js:1625:59
      at Generator.next (<anonymous>)
      at step (/usr/local/Cellar/yarn/1.22.17/libexec/lib/cli.js:310:30)
      at /usr/local/Cellar/yarn/1.22.17/libexec/lib/cli.js:321:13

npm manifest: 
  {
    "name": "simple-ws-chat",
    "version": "1.0.0",
    "description": "",
    "main": "index.js",
    "scripts": {
      "start": "node server.js"
    },
    "dependencies": {
      "express": "^4.17.1",
      "ws": "^7.2.3",
    },
    "keywords": [],
    "author": "",
    "license": "ISC"
  }

yarn manifest: 
  No manifest

Lockfile: 
  No lockfile
